  GameController.cpp
  コードを生成中...
  コンパイル中...
  main.cpp
  StringRenderer.cpp
  ResourceLoader.cpp
  コードを生成中...
  Wall.cpp
  StaticObject.cpp
  Item.cpp
  Floor.cpp
  Fire.cpp
  Brick.cpp
  Bomb.cpp
  コードを生成中...
  Player.cpp
  Enemy.cpp
  DynamicObject.cpp
  コードを生成中...
  Title.cpp
  Parent.cpp
  GameOver.cpp
  コードを生成中...
  Ready.cpp
  Play.cpp
  Pause.cpp
  Parent.cpp
  Judge.cpp
  Failure.cpp
  Clear.cpp
  コードを生成中...
  State.cpp
  BomberWoman.vcxproj -> Z:\workspace\Game\DxLibProject\BomberWoman\Debug\BomberWoman.exe
  BomberWoman.vcxproj -> Z:\workspace\Game\DxLibProject\BomberWoman\Debug\BomberWoman.pdb (Full PDB)
